<?xml version="1.0" encoding="UTF-8"?>
<testsuite name="Checkout"
           tests="4"
           failures="0"
           errors="0"
           skipped="0"
           time="42.951">
    <properties></properties>



            <testcase
                name="gift_card_test"
                time="18.546"
                classname="testcases.CheckoutTest">
            </testcase>
            <testcase
                name="add_payment_test"
                time="5.865"
                classname="testcases.CheckoutTest">
            </testcase>
            <testcase
                name="payment_mode_test"
                time="13.378"
                classname="testcases.CheckoutTest">
            </testcase>
            <testcase
                name="field_blank_test"
                time="5.162"
                classname="testcases.CheckoutTest">
            </testcase>
</testsuite>
