<?xml version="1.0" encoding="UTF-8"?>
<testsuite name="Search"
           tests="2"
           failures="0"
           errors="0"
           skipped="0"
           time="27.220">
    <properties></properties>



            <testcase
                name="click_on_search_test"
                time="16.770"
                classname="testcases.SearchTest">
            </testcase>
            <testcase
                name="search_product_test"
                time="10.450"
                classname="testcases.SearchTest">
            </testcase>
</testsuite>
